TN:
SF:task-manager-api\server\app.js
FN:14,(anonymous_0)
FN:15,(anonymous_1)
FNF:2
FNH:1
FNDA:0,(anonymous_0)
FNDA:2,(anonymous_1)
DA:1,2
DA:2,2
DA:3,2
DA:4,2
DA:5,2
DA:6,2
DA:9,2
DA:10,2
DA:13,2
DA:14,0
DA:15,2
DA:18,2
DA:20,2
LF:13
LH:12
BRF:0
BRH:0
end_of_record
TN:
SF:task-manager-api\server\models\Task.js
FNF:0
FNH:0
DA:1,3
DA:3,3
DA:14,3
LF:3
LH:3
BRF:0
BRH:0
end_of_record
TN:
SF:task-manager-api\server\routes\taskRoutes.js
FN:6,(anonymous_0)
FN:16,(anonymous_1)
FN:31,(anonymous_2)
FN:45,(anonymous_3)
FNF:4
FNH:4
FNDA:1,(anonymous_0)
FNDA:1,(anonymous_1)
FNDA:1,(anonymous_2)
FNDA:1,(anonymous_3)
DA:1,2
DA:2,2
DA:3,2
DA:6,2
DA:7,1
DA:8,1
DA:9,0
DA:11,0
DA:16,2
DA:17,1
DA:22,1
DA:23,1
DA:24,0
DA:26,0
DA:31,2
DA:32,1
DA:33,1
DA:38,0
DA:40,1
DA:45,2
DA:46,1
DA:47,1
DA:48,0
DA:50,1
DA:54,2
LF:25
LH:19
BRF:0
BRH:0
end_of_record
